f:\2018_trico_robot_sim\msvc-ws\husttricorobotsim\sbpl\release\environment_nav2d.obj
f:\2018_trico_robot_sim\msvc-ws\husttricorobotsim\sbpl\release\araplanner.obj
f:\2018_trico_robot_sim\msvc-ws\husttricorobotsim\sbpl\release\config.obj
f:\2018_trico_robot_sim\msvc-ws\husttricorobotsim\sbpl\release\environment_navxythetalat.obj
f:\2018_trico_robot_sim\msvc-ws\husttricorobotsim\sbpl\release\lazyara.obj
f:\2018_trico_robot_sim\msvc-ws\husttricorobotsim\sbpl\release\embedded_heuristic.obj
f:\2018_trico_robot_sim\msvc-ws\husttricorobotsim\sbpl\release\ppcpplanner.obj
f:\2018_trico_robot_sim\msvc-ws\husttricorobotsim\sbpl\release\adplanner.obj
f:\2018_trico_robot_sim\msvc-ws\husttricorobotsim\sbpl\release\heap.obj
f:\2018_trico_robot_sim\msvc-ws\husttricorobotsim\sbpl\release\environment_xxx.obj
f:\2018_trico_robot_sim\msvc-ws\husttricorobotsim\sbpl\release\viplanner.obj
f:\2018_trico_robot_sim\msvc-ws\husttricorobotsim\sbpl\release\anaplanner.obj
f:\2018_trico_robot_sim\msvc-ws\husttricorobotsim\sbpl\release\2dgridsearch.obj
f:\2018_trico_robot_sim\msvc-ws\husttricorobotsim\sbpl\release\environment_robarm.obj
f:\2018_trico_robot_sim\msvc-ws\husttricorobotsim\sbpl\release\utils.obj
f:\2018_trico_robot_sim\msvc-ws\husttricorobotsim\sbpl\release\environment_nav2duu.obj
f:\2018_trico_robot_sim\msvc-ws\husttricorobotsim\sbpl\release\mdp.obj
f:\2018_trico_robot_sim\msvc-ws\husttricorobotsim\sbpl\release\mhaplanner.obj
f:\2018_trico_robot_sim\msvc-ws\husttricorobotsim\sbpl\release\rstarplanner.obj
f:\2018_trico_robot_sim\msvc-ws\husttricorobotsim\sbpl\release\environment_navxythetamlevlat.obj
f:\2018_trico_robot_sim\msvc-ws\husttricorobotsim\sbpl\release\main.obj
f:\2018_trico_robot_sim\msvc-ws\husttricorobotsim\sbpl\release\sbpl.pdb
f:\2018_trico_robot_sim\msvc-ws\husttricorobotsim\release\sbpl.lib
f:\2018_trico_robot_sim\msvc-ws\husttricorobotsim\sbpl\release\vcpkg.applocal.log
f:\2018_trico_robot_sim\msvc-ws\husttricorobotsim\sbpl\release\sbpl.tlog\cl.command.1.tlog
f:\2018_trico_robot_sim\msvc-ws\husttricorobotsim\sbpl\release\sbpl.tlog\lib.command.1.tlog
f:\2018_trico_robot_sim\msvc-ws\husttricorobotsim\sbpl\release\sbpl.tlog\cl.read.1.tlog
f:\2018_trico_robot_sim\msvc-ws\husttricorobotsim\sbpl\release\sbpl.tlog\lib-link.read.1.tlog
f:\2018_trico_robot_sim\msvc-ws\husttricorobotsim\sbpl\release\sbpl.tlog\cl.write.1.tlog
f:\2018_trico_robot_sim\msvc-ws\husttricorobotsim\sbpl\release\sbpl.tlog\lib-link.write.1.tlog
f:\2018_trico_robot_sim\msvc-ws\husttricorobotsim\sbpl\release\sbpl.tlog\sbpl.write.1u.tlog
